◇ injected env (2) from .env // tip: ⌘ suppress logs { quiet: true }
bot is running!
◇ injected env (2) from .env // tip: ⌘ enable debugging { debug: true }
bot is running!
[WARN]  socket-mode:SlackWebSocket:1 A pong wasn't received from the server before the timeout of 5000ms!
◇ injected env (2) from .env // tip: ⌘ override existing { override: true }
bot is running!
◇ injected env (2) from .env // tip: ⌘ multiple files { path: ['.env.local', '.env'] }
bot is running!
◇ injected env (3) from .env // tip: ◈ secrets for agents [www.dotenvx.com]
bot is running!
◇ injected env (3) from .env // tip: ⌁ auth for agents [www.vestauth.com]
bot is running!
◇ injected env (3) from .env // tip: ⌘ custom filepath { path: '/custom/path/.env' }
bot is running!
APOD Error: Request failed with status code 403
APOD Error: Request failed with status code 403
◇ injected env (3) from .env // tip: ⌘ suppress logs { quiet: true }
bot is running!
APOD Error: Request failed with status code 403
APOD Error: Request failed with status code 403
APOD Error: Request failed with status code 403
APOD Error: Request failed with status code 403
◇ injected env (3) from .env // tip: ⌘ override existing { override: true }
bot is running!
Using NASA API key: your-nasa-...
APOD Error Status: 403
APOD Error Data: {
  error: {
    code: 'API_KEY_INVALID',
    message: 'An invalid api_key was supplied. Get one at https://api.nasa.gov:443'
  }
}
APOD Error Message: Request failed with status code 403
Using NASA API key: your-nasa-...
APOD Error Status: 403
APOD Error Data: {
  error: {
    code: 'API_KEY_INVALID',
    message: 'An invalid api_key was supplied. Get one at https://api.nasa.gov:443'
  }
}
APOD Error Message: Request failed with status code 403
◇ injected env (3) from .env // tip: ◈ secrets for agents [www.dotenvx.com]
bot is running!
Using NASA API key: DEMO_KEY...
◇ injected env (3) from .env // tip: ⌘ enable debugging { debug: true }
bot is running!
Using NASA API key: DEMO_KEY...
Using NASA API key: DEMO_KEY...
APOD Error Status: 503
APOD Error Data: upstream connect error or disconnect/reset before headers. retried and the latest reset reason: connection timeout
APOD Error Message: Request failed with status code 503
